Performing C SOURCE FILE Test CMAKE_HAVE_LIBC_PTHREAD failed with the following output:
Change Dir: /home/mark/Desktop/data/geass/csc/CMakeFiles/CMakeTmp

Run Build Command(s):/usr/bin/make -f Makefile cmTC_4c18a/fast && /usr/bin/make  -f CMakeFiles/cmTC_4c18a.dir/build.make CMakeFiles/cmTC_4c18a.dir/build
make[1]: Entering directory '/home/mark/Desktop/data/geass/csc/CMakeFiles/CMakeTmp'
Building C object CMakeFiles/cmTC_4c18a.dir/src.c.o
/usr/bin/cc -DCMAKE_HAVE_LIBC_PTHREAD   -o CMakeFiles/cmTC_4c18a.dir/src.c.o -c /home/mark/Desktop/data/geass/csc/CMakeFiles/CMakeTmp/src.c
Linking C executable cmTC_4c18a
/usr/bin/cmake -E cmake_link_script CMakeFiles/cmTC_4c18a.dir/link.txt --verbose=1
/usr/bin/cc -rdynamic CMakeFiles/cmTC_4c18a.dir/src.c.o -o cmTC_4c18a 
/usr/bin/ld: CMakeFiles/cmTC_4c18a.dir/src.c.o: in function `main':
src.c:(.text+0x3e): undefined reference to `pthread_create'
/usr/bin/ld: src.c:(.text+0x4a): undefined reference to `pthread_detach'
/usr/bin/ld: src.c:(.text+0x56): undefined reference to `pthread_cancel'
/usr/bin/ld: src.c:(.text+0x67): undefined reference to `pthread_join'
collect2: error: ld returned 1 exit status
make[1]: *** [CMakeFiles/cmTC_4c18a.dir/build.make:99: cmTC_4c18a] Error 1
make[1]: Leaving directory '/home/mark/Desktop/data/geass/csc/CMakeFiles/CMakeTmp'
make: *** [Makefile:127: cmTC_4c18a/fast] Error 2


Source file was:
#include <pthread.h>

static void* test_func(void* data)
{
  return data;
}

int main(void)
{
  pthread_t thread;
  pthread_create(&thread, NULL, test_func, NULL);
  pthread_detach(thread);
  pthread_cancel(thread);
  pthread_join(thread, NULL);
  pthread_atfork(NULL, NULL, NULL);
  pthread_exit(NULL);

  return 0;
}

Determining if the function pthread_create exists in the pthreads failed with the following output:
Change Dir: /home/mark/Desktop/data/geass/csc/CMakeFiles/CMakeTmp

Run Build Command(s):/usr/bin/make -f Makefile cmTC_abf23/fast && /usr/bin/make  -f CMakeFiles/cmTC_abf23.dir/build.make CMakeFiles/cmTC_abf23.dir/build
make[1]: Entering directory '/home/mark/Desktop/data/geass/csc/CMakeFiles/CMakeTmp'
Building C object CMakeFiles/cmTC_abf23.dir/CheckFunctionExists.c.o
/usr/bin/cc   -DCHECK_FUNCTION_EXISTS=pthread_create -o CMakeFiles/cmTC_abf23.dir/CheckFunctionExists.c.o -c /usr/share/cmake/Modules/CheckFunctionExists.c
Linking C executable cmTC_abf23
/usr/bin/cmake -E cmake_link_script CMakeFiles/cmTC_abf23.dir/link.txt --verbose=1
/usr/bin/cc  -DCHECK_FUNCTION_EXISTS=pthread_create -rdynamic CMakeFiles/cmTC_abf23.dir/CheckFunctionExists.c.o -o cmTC_abf23  -lpthreads 
/usr/bin/ld: cannot find -lpthreads
collect2: error: ld returned 1 exit status
make[1]: *** [CMakeFiles/cmTC_abf23.dir/build.make:99: cmTC_abf23] Error 1
make[1]: Leaving directory '/home/mark/Desktop/data/geass/csc/CMakeFiles/CMakeTmp'
make: *** [Makefile:127: cmTC_abf23/fast] Error 2



